BOX010, O14746-Q5B6S7.msf, SP: 0.422   ref_length: 1296   comparison_length: 1038   similarity: 0.23
BOX010, Q0QHL8-Q1AN55.msf, SP: 0.039   ref_length: 1308   comparison_length: 583   similarity: 0.148
BOX010, Q4PGK2-Q7R365.msf, SP: 0.055   ref_length: 1987   comparison_length: 904   similarity: 0.122
BOX022, Q00X80-Q8L936.msf, SP: 0.051   ref_length: 690   comparison_length: 356   similarity: 0.146
BOX022, Q59SI8-Q5KDG1.msf, SP: 0.361   ref_length: 926   comparison_length: 628   similarity: 0.247
BOX034, Q4D6P2-Q4DSV5.msf, SP: 0.46   ref_length: 565   comparison_length: 496   similarity: 0.236
BOX035, O76978-Q05397.msf, SP: 0.418   ref_length: 1369   comparison_length: 562   similarity: 0.224
BOX035, P41243-Q05397.msf, SP: 0.443   ref_length: 1068   comparison_length: 451   similarity: 0.237
BOX046, O76470-Q2PFQ6.msf, SP: 0.296   ref_length: 886   comparison_length: 604   similarity: 0.197
BOX046, P02887-Q2PFQ6.msf, SP: 0.268   ref_length: 650   comparison_length: 235   similarity: 0.166
BOX060, O65791-Q21370.msf, SP: 0.201   ref_length: 392   comparison_length: 184   similarity: 0.13
BOX060, Q21370-Q5DB94.msf, SP: 0.0   ref_length: 395   comparison_length: 183   similarity: 0.142
BOX060, Q5DB94-Q9WTK2.msf, SP: 0.099   ref_length: 615   comparison_length: 372   similarity: 0.102
BOX076, A0BR04-A0CBV2.msf, SP: 0.158   ref_length: 600   comparison_length: 448   similarity: 0.152
BOX076, A0BR04-Q92249.msf, SP: 0.354   ref_length: 583   comparison_length: 243   similarity: 0.263
BOX076, A0BU64-Q22D05.msf, SP: 0.482   ref_length: 495   comparison_length: 353   similarity: 0.176
BOX076, A0BU64-Q8IKB2.msf, SP: 0.329   ref_length: 557   comparison_length: 419   similarity: 0.146
BOX076, A0CBV2-Q6BZZ7.msf, SP: 0.055   ref_length: 652   comparison_length: 493   similarity: 0.079
BOX076, A0CLM8-Q5VLR5.msf, SP: 0.352   ref_length: 416   comparison_length: 335   similarity: 0.143
BOX076, Q22D05-Q4N7F7.msf, SP: 0.053   ref_length: 605   comparison_length: 207   similarity: 0.179
BOX076, Q32L47-Q8IKB2.msf, SP: 0.0   ref_length: 564   comparison_length: 195   similarity: 0.087
BOX076, Q4P3G1-Q92249.msf, SP: 0.321   ref_length: 638   comparison_length: 268   similarity: 0.205
BOX076, Q4UG82-Q5CSY8.msf, SP: 0.316   ref_length: 668   comparison_length: 513   similarity: 0.181
BOX076, Q5C145-Q6BZZ7.msf, SP: 0.0   ref_length: 568   comparison_length: 352   similarity: 0.071
BOX076, Q5C145-Q92249.msf, SP: 0.394   ref_length: 603   comparison_length: 132   similarity: 0.273
BOX076, Q5CSY8-Q8I2V9.msf, SP: 0.176   ref_length: 690   comparison_length: 482   similarity: 0.135
BOX076, Q5VLR5-Q6BZZ7.msf, SP: 0.146   ref_length: 570   comparison_length: 390   similarity: 0.146
BOX076, Q6BZZ7-Q8II23.msf, SP: 0.222   ref_length: 675   comparison_length: 302   similarity: 0.132
BOX076, Q6P4L2-Q8II23.msf, SP: 0.245   ref_length: 456   comparison_length: 372   similarity: 0.137
BOX076, Q8II23-Q92249.msf, SP: 0.317   ref_length: 436   comparison_length: 356   similarity: 0.188
BOX096, Q012U6-Q6BXN4.msf, SP: 0.0   ref_length: 748   comparison_length: 515   similarity: 0.091
BOX096, Q1RLD0-Q59KD5.msf, SP: 0.1   ref_length: 901   comparison_length: 620   similarity: 0.137
BOX115, LOLA3_DROME__1-P17789.msf, SP: 0.305   ref_length: 830   comparison_length: 561   similarity: 0.205
BOX115, O15060-Q52KB5.msf, SP: 0.142   ref_length: 827   comparison_length: 557   similarity: 0.12
BOX121, Q01C04-Q567G8.msf, SP: 0.158   ref_length: 824   comparison_length: 411   similarity: 0.112
BOX121, Q01C04-Q6DDV6.msf, SP: 0.069   ref_length: 1003   comparison_length: 504   similarity: 0.123
BOX121, Q6DDV6-SYT14_HUMAN.msf, SP: 0.51   ref_length: 850   comparison_length: 359   similarity: 0.189
BOX121, Q6DDV6-SYTL3_MOUSE__1.msf, SP: 0.31   ref_length: 814   comparison_length: 271   similarity: 0.192
BOX121, Q9VUJ3-RBF1_CAEEL__2.msf, SP: 0.324   ref_length: 960   comparison_length: 595   similarity: 0.166
BOX177, Q16SI7-Q50TA6.msf, SP: 0.439   ref_length: 472   comparison_length: 280   similarity: 0.196
BOX180, A0CVN6-A0CX19.msf, SP: 0.226   ref_length: 205   comparison_length: 190   similarity: 0.195
BOX180, A0CVN6-Q5CYL7.msf, SP: 0.276   ref_length: 208   comparison_length: 192   similarity: 0.193
BOX180, A0CX19-A0DH14.msf, SP: 0.049   ref_length: 218   comparison_length: 183   similarity: 0.153
BOX180, A0E5T3-P49755.msf, SP: 0.612   ref_length: 226   comparison_length: 188   similarity: 0.207
BOX180, A0E5T3-Q4UH53.msf, SP: 0.232   ref_length: 225   comparison_length: 185   similarity: 0.141
BOX180, A0E5T3-Q9VYT6.msf, SP: 0.319   ref_length: 217   comparison_length: 188   similarity: 0.16
BOX180, Q01C30-Q8SWC3.msf, SP: 0.192   ref_length: 801   comparison_length: 214   similarity: 0.136
BOX180, Q1DRT2-Q5CYL7.msf, SP: 0.323   ref_length: 211   comparison_length: 195   similarity: 0.2
BOX180, Q1DRT2-Q9S7M9.msf, SP: 0.656   ref_length: 216   comparison_length: 195   similarity: 0.205
BOX180, Q4Q6F2-Q4UE31.msf, SP: 0.0   ref_length: 223   comparison_length: 205   similarity: 0.102
BOX180, Q4YYS7-Q5CYL7.msf, SP: 0.512   ref_length: 208   comparison_length: 166   similarity: 0.235
BOX181, Q61CE7-Q96TE0.msf, SP: 0.235   ref_length: 215   comparison_length: 170   similarity: 0.188
BOX181, Q61CE7-Q9U6R5.msf, SP: 0.409   ref_length: 265   comparison_length: 181   similarity: 0.21
BOX192, P54366-Q4H3W5.msf, SP: 0.203   ref_length: 572   comparison_length: 276   similarity: 0.228
BOX192, Q00GE4-Q09VU4.msf, SP: 0.193   ref_length: 538   comparison_length: 336   similarity: 0.22
BOX212, O35305-Q8C4K3.msf, SP: 0.277   ref_length: 633   comparison_length: 242   similarity: 0.174
BOX214, CSPG2_RAT-Q60654.msf, SP: 0.0   ref_length: 2714   comparison_length: 278   similarity: 0.122
BOX214, CSPG2_RAT-Q68S96.msf, SP: 0.0   ref_length: 2724   comparison_length: 292   similarity: 0.171
BOX214, O70156-Q25199.msf, SP: 0.0   ref_length: 1351   comparison_length: 361   similarity: 0.127
BOX214, O88713-Q8CBB4.msf, SP: 0.415   ref_length: 298   comparison_length: 183   similarity: 0.202
BOX214, P27814-Q4KMB0.msf, SP: 0.509   ref_length: 553   comparison_length: 220   similarity: 0.205
BOX214, Q07108-Q49BZ4.msf, SP: 0.521   ref_length: 300   comparison_length: 146   similarity: 0.226
BOX214, Q3TE30-Q9W6E1.msf, SP: 0.0   ref_length: 1341   comparison_length: 149   similarity: 0.174
BOX214, Q49BZ4-Q8CBB4.msf, SP: 0.675   ref_length: 389   comparison_length: 151   similarity: 0.305
BOX214, Q4S6L5-Q6VZ40.msf, SP: 0.547   ref_length: 465   comparison_length: 148   similarity: 0.182
BOX214, Q4S6L5-Q9W6E1.msf, SP: 0.348   ref_length: 1447   comparison_length: 302   similarity: 0.172
BOX214, Q4SME9-Q8CBB4.msf, SP: 0.293   ref_length: 309   comparison_length: 205   similarity: 0.18
BOX214, Q4TAZ0-Q5RFX2.msf, SP: 0.156   ref_length: 264   comparison_length: 199   similarity: 0.146
BOX214, Q4TAZ0-Q6VZE9.msf, SP: 0.381   ref_length: 251   comparison_length: 118   similarity: 0.186
BOX214, Q58A37-Q6ZYP2.msf, SP: 0.649   ref_length: 314   comparison_length: 134   similarity: 0.224
BOX214, Q5RFX2-Q91ZW9.msf, SP: 0.304   ref_length: 270   comparison_length: 158   similarity: 0.146
BOX214, Q60654-Q9GLF5.msf, SP: 0.301   ref_length: 311   comparison_length: 183   similarity: 0.202
BOX214, Q6VZ40-Q9GLF3.msf, SP: 0.358   ref_length: 191   comparison_length: 148   similarity: 0.176
BOX214, Q6VZY1-Q6ZYP2.msf, SP: 0.419   ref_length: 276   comparison_length: 117   similarity: 0.231
BOX214, Q6VZY1-Q9GLF5.msf, SP: 0.237   ref_length: 230   comparison_length: 152   similarity: 0.191
BOX214, Q6ZYP2-Q9W6E1.msf, SP: 0.0   ref_length: 1319   comparison_length: 196   similarity: 0.143
BOX214, Q7T221-Q8C634.msf, SP: 0.205   ref_length: 246   comparison_length: 185   similarity: 0.184
BOX214, Q8CBB4-Q90636.msf, SP: 0.411   ref_length: 297   comparison_length: 253   similarity: 0.178
BOX214, Q8CBB4-Q9GLF5.msf, SP: 0.404   ref_length: 319   comparison_length: 188   similarity: 0.202
BOX214, Q8WZA4-Q9W6E1.msf, SP: 0.179   ref_length: 1474   comparison_length: 558   similarity: 0.152
BOX222, A0BHH7-Q23IY1.msf, SP: 0.317   ref_length: 885   comparison_length: 438   similarity: 0.219
BOX222, A0BHH7-Q24GU6.msf, SP: 0.0   ref_length: 1000   comparison_length: 350   similarity: 0.254
BOX222, A0BHH7-Q50WW3.msf, SP: 0.137   ref_length: 1372   comparison_length: 495   similarity: 0.166
BOX222, A0BHH7-Q51DB5.msf, SP: 0.183   ref_length: 982   comparison_length: 470   similarity: 0.185
BOX222, A0C7X6-Q2I687.msf, SP: 0.331   ref_length: 587   comparison_length: 284   similarity: 0.211
BOX222, A0C7X6-Q6CEM1.msf, SP: 0.208   ref_length: 1457   comparison_length: 524   similarity: 0.174
BOX222, A0CEF3-A0DNX8.msf, SP: 0.0   ref_length: 695   comparison_length: 222   similarity: 0.221
BOX222, A0CEF3-Q13107.msf, SP: 0.192   ref_length: 1008   comparison_length: 530   similarity: 0.204
BOX222, A0CEF3-Q8SRQ2.msf, SP: 0.18   ref_length: 813   comparison_length: 488   similarity: 0.174
BOX222, A0DF46-Q1RTH0.msf, SP: 0.364   ref_length: 619   comparison_length: 283   similarity: 0.212
BOX222, A0DF46-Q24GU6.msf, SP: 0.174   ref_length: 1052   comparison_length: 305   similarity: 0.272
BOX222, A0DNX8-Q16TQ0.msf, SP: 0.476   ref_length: 1809   comparison_length: 334   similarity: 0.293
BOX222, A0DNX8-Q8SRQ2.msf, SP: 0.471   ref_length: 790   comparison_length: 278   similarity: 0.23
BOX222, A0E2I4-Q24GU6.msf, SP: 0.0   ref_length: 1441   comparison_length: 366   similarity: 0.178
BOX222, A0E2I4-Q61L96.msf, SP: 0.209   ref_length: 1364   comparison_length: 833   similarity: 0.136
BOX222, A0E2I4-Q6CUN8.msf, SP: 0.319   ref_length: 1485   comparison_length: 796   similarity: 0.21
BOX222, O60139-Q13107.msf, SP: 0.342   ref_length: 1030   comparison_length: 371   similarity: 0.296
BOX222, O60139-Q16TQ0.msf, SP: 0.344   ref_length: 1835   comparison_length: 404   similarity: 0.282
BOX222, P53874-Q17BE1.msf, SP: 0.276   ref_length: 856   comparison_length: 562   similarity: 0.169
BOX222, P53874-Q5VTW9.msf, SP: 0.276   ref_length: 854   comparison_length: 503   similarity: 0.181
BOX222, Q01GD2-Q23IY1.msf, SP: 0.139   ref_length: 2280   comparison_length: 685   similarity: 0.152
BOX222, Q01GD2-Q9SJA1.msf, SP: 0.21   ref_length: 2248   comparison_length: 638   similarity: 0.172
BOX222, Q0U4Z9-Q23IY1.msf, SP: 0.261   ref_length: 1167   comparison_length: 641   similarity: 0.164
BOX222, Q0U4Z9-Q6CEM1.msf, SP: 0.228   ref_length: 1774   comparison_length: 732   similarity: 0.202
BOX222, Q0U4Z9-Q6YXC1.msf, SP: 0.4   ref_length: 1097   comparison_length: 375   similarity: 0.237
BOX222, Q13107-Q1RTH0.msf, SP: 0.28   ref_length: 1018   comparison_length: 268   similarity: 0.228
BOX222, Q13107-Q243K4.msf, SP: 0.22   ref_length: 2043   comparison_length: 886   similarity: 0.134
BOX222, Q16RT1-Q2I687.msf, SP: 0.414   ref_length: 969   comparison_length: 304   similarity: 0.217
BOX222, Q16TQ0-Q4D6N2.msf, SP: 0.236   ref_length: 1816   comparison_length: 542   similarity: 0.186
BOX222, Q17BE1-Q4PG60.msf, SP: 0.374   ref_length: 920   comparison_length: 484   similarity: 0.211
BOX222, Q17BE1-Q6CEM1.msf, SP: 0.196   ref_length: 1479   comparison_length: 596   similarity: 0.203
BOX222, Q17BE1-UBP6_HUMAN__1.msf, SP: 0.178   ref_length: 1233   comparison_length: 482   similarity: 0.226
BOX222, Q19132-Q6BU87.msf, SP: 0.126   ref_length: 1169   comparison_length: 454   similarity: 0.225
BOX222, Q1RPW0-Q51DB5.msf, SP: 0.304   ref_length: 1172   comparison_length: 853   similarity: 0.181
BOX222, Q1RPW0-Q8I3U1.msf, SP: 0.19   ref_length: 1529   comparison_length: 948   similarity: 0.173
BOX222, Q1RTH0-Q22FY1.msf, SP: 0.425   ref_length: 737   comparison_length: 266   similarity: 0.218
BOX222, Q1RTH0-Q2H9G4.msf, SP: 0.253   ref_length: 1588   comparison_length: 285   similarity: 0.196
BOX222, Q1RTH0-Q4D6N2.msf, SP: 0.058   ref_length: 638   comparison_length: 242   similarity: 0.198
BOX222, Q22EP6-Q50WW3.msf, SP: 0.192   ref_length: 1855   comparison_length: 1094   similarity: 0.13
BOX222, Q22EP6-Q875P1.msf, SP: 0.0   ref_length: 1916   comparison_length: 776   similarity: 0.14
BOX222, Q22FY1-Q6C1K8.msf, SP: 0.569   ref_length: 1264   comparison_length: 408   similarity: 0.282
BOX222, Q23DC1-Q5KDK0.msf, SP: 0.247   ref_length: 1660   comparison_length: 1101   similarity: 0.18
BOX222, Q23DC1-Q5SMN6.msf, SP: 0.0   ref_length: 1813   comparison_length: 357   similarity: 0.269
BOX222, Q23DC1-Q9H3E6.msf, SP: 0.35   ref_length: 1400   comparison_length: 515   similarity: 0.214
BOX222, Q23G27-Q555S8.msf, SP: 0.0   ref_length: 1578   comparison_length: 537   similarity: 0.22
BOX222, Q23IY1-Q518M0.msf, SP: 0.0   ref_length: 1131   comparison_length: 204   similarity: 0.191
BOX222, Q23IY1-Q5VTW9.msf, SP: 0.419   ref_length: 822   comparison_length: 494   similarity: 0.2
BOX222, Q23IY1-Q6BU87.msf, SP: 0.43   ref_length: 860   comparison_length: 419   similarity: 0.222
BOX222, Q23IY1-Q8L7U2.msf, SP: 0.508   ref_length: 791   comparison_length: 236   similarity: 0.271
BOX222, Q243K4-Q6CEM1.msf, SP: 0.115   ref_length: 2140   comparison_length: 1275   similarity: 0.125
BOX222, Q243Y4-Q2I687.msf, SP: 0.377   ref_length: 846   comparison_length: 300   similarity: 0.19
BOX222, Q243Y4-Q4PF40.msf, SP: 0.315   ref_length: 1067   comparison_length: 496   similarity: 0.216
BOX222, Q243Y4-Q6FT56.msf, SP: 0.271   ref_length: 1019   comparison_length: 735   similarity: 0.173
BOX222, Q243Y4-Q7SGN8.msf, SP: 0.0   ref_length: 1331   comparison_length: 417   similarity: 0.156
BOX222, Q24GU6-Q7ZY76.msf, SP: 0.0   ref_length: 1489   comparison_length: 352   similarity: 0.29
BOX222, Q2H9G4-Q5A675.msf, SP: 0.099   ref_length: 1752   comparison_length: 747   similarity: 0.162
BOX222, Q2I687-Q5SMN6.msf, SP: 0.539   ref_length: 928   comparison_length: 310   similarity: 0.245
BOX222, Q2I687-UBP33_HUMAN__1.msf, SP: 0.345   ref_length: 931   comparison_length: 319   similarity: 0.232
BOX222, Q4D6N2-Q6C1K8.msf, SP: 0.401   ref_length: 1003   comparison_length: 546   similarity: 0.192
BOX222, Q4PF40-Q55SM8.msf, SP: 0.272   ref_length: 954   comparison_length: 604   similarity: 0.159
BOX222, Q4PF40-Q5KDK0.msf, SP: 0.161   ref_length: 1557   comparison_length: 689   similarity: 0.183
BOX222, Q4PF40-Q6C1K8.msf, SP: 0.287   ref_length: 1254   comparison_length: 494   similarity: 0.186
BOX222, Q4PG60-Q61L96.msf, SP: 0.139   ref_length: 1327   comparison_length: 619   similarity: 0.166
BOX222, Q4PG60-Q8SRQ2.msf, SP: 0.199   ref_length: 1021   comparison_length: 483   similarity: 0.172
BOX222, Q4PG60-UBP6_HUMAN__1.msf, SP: 0.059   ref_length: 1306   comparison_length: 561   similarity: 0.168
BOX222, Q50WW3-Q5KDK0.msf, SP: 0.25   ref_length: 1653   comparison_length: 1132   similarity: 0.135
BOX222, Q555S8-Q8SRQ2.msf, SP: 0.162   ref_length: 1177   comparison_length: 468   similarity: 0.192
BOX222, Q55SM8-Q8SRQ2.msf, SP: 0.0   ref_length: 1097   comparison_length: 431   similarity: 0.155
BOX222, Q55SM8-Q9H3E6.msf, SP: 0.0   ref_length: 1112   comparison_length: 334   similarity: 0.186
BOX222, Q55ZS2-Q6BU87.msf, SP: 0.402   ref_length: 796   comparison_length: 391   similarity: 0.194
BOX222, Q5A675-Q7SGN8.msf, SP: 0.121   ref_length: 1376   comparison_length: 514   similarity: 0.169
BOX222, Q5A675-Q9FPS8.msf, SP: 0.216   ref_length: 1180   comparison_length: 777   similarity: 0.144
BOX222, Q5A675-UBP6_HUMAN__1.msf, SP: 0.028   ref_length: 1500   comparison_length: 538   similarity: 0.186
BOX222, Q5KDK0-Q869X4.msf, SP: 0.144   ref_length: 2056   comparison_length: 693   similarity: 0.157
BOX222, Q5KDK0-UBP33_HUMAN__1.msf, SP: 0.231   ref_length: 1703   comparison_length: 698   similarity: 0.16
BOX222, Q5SMN6-Q8I1A0.msf, SP: 0.133   ref_length: 1700   comparison_length: 535   similarity: 0.206
BOX222, Q61L96-Q6YXC1.msf, SP: 0.26   ref_length: 1206   comparison_length: 377   similarity: 0.22
BOX222, Q61L96-Q869X4.msf, SP: 0.117   ref_length: 1635   comparison_length: 792   similarity: 0.114
BOX222, Q61L96-Q875P1.msf, SP: 0.174   ref_length: 1352   comparison_length: 854   similarity: 0.136
BOX222, Q6BU87-Q93875.msf, SP: 0.416   ref_length: 819   comparison_length: 425   similarity: 0.214
BOX222, Q6CEM1-Q8I3U1.msf, SP: 0.251   ref_length: 1713   comparison_length: 1068   similarity: 0.16
BOX222, Q6FT56-Q9H3E6.msf, SP: 0.211   ref_length: 1245   comparison_length: 346   similarity: 0.217
BOX222, Q875P1-Q9SJA1.msf, SP: 0.0   ref_length: 1280   comparison_length: 430   similarity: 0.184
BOX222, Q8I3U1-Q8SRQ2.msf, SP: 0.141   ref_length: 1349   comparison_length: 709   similarity: 0.166
BOX222, Q8I3U1-Q9SJA1.msf, SP: 0.156   ref_length: 1555   comparison_length: 449   similarity: 0.2
BOX222, Q8SRQ2-Q9H3E6.msf, SP: 0.146   ref_length: 904   comparison_length: 466   similarity: 0.189
BOX222, Q9FPS8-Q9H3E6.msf, SP: 0.149   ref_length: 1337   comparison_length: 315   similarity: 0.292
BOX240, Q00YE8-Q0J8P6.msf, SP: 0.087   ref_length: 769   comparison_length: 560   similarity: 0.109
BOX240, Q00YE8-Q244C4.msf, SP: 0.208   ref_length: 852   comparison_length: 553   similarity: 0.141
BOX240, Q0J8P6-Q5CEU5.msf, SP: 0.185   ref_length: 684   comparison_length: 438   similarity: 0.119
BOX240, Q14820-Q244C4.msf, SP: 0.0   ref_length: 726   comparison_length: 80   similarity: 0.188
BOX240, Q244C4-Q2UKX5.msf, SP: 0.181   ref_length: 733   comparison_length: 232   similarity: 0.168
BOX240, Q54BM5-Q9LHC3.msf, SP: 0.102   ref_length: 707   comparison_length: 411   similarity: 0.107
BOX246, A0BTK1-A0E0Z5.msf, SP: 0.55   ref_length: 651   comparison_length: 393   similarity: 0.27
BOX246, A0BTK1-O44011.msf, SP: 0.604   ref_length: 1489   comparison_length: 449   similarity: 0.305
BOX246, A0E0Z5-Q513T1.msf, SP: 0.469   ref_length: 842   comparison_length: 527   similarity: 0.26
BOX246, A0E0Z5-Q9XTF3.msf, SP: 0.588   ref_length: 912   comparison_length: 468   similarity: 0.308
BOX246, O44011-Q242R1.msf, SP: 0.0   ref_length: 2120   comparison_length: 523   similarity: 0.279
BOX246, Q019C0-Q242R1.msf, SP: 0.441   ref_length: 1513   comparison_length: 510   similarity: 0.22
BOX246, Q019C0-Q61214.msf, SP: 0.302   ref_length: 887   comparison_length: 713   similarity: 0.187
BOX246, Q9XEE4-Q9XTF3.msf, SP: 0.488   ref_length: 887   comparison_length: 500   similarity: 0.254
BOX270, A0CW91-Q22K45.msf, SP: 0.414   ref_length: 862   comparison_length: 437   similarity: 0.201
BOX270, A0CW91-Q54XJ4.msf, SP: 0.456   ref_length: 1515   comparison_length: 425   similarity: 0.193
BOX270, O55092-Q00X66.msf, SP: 0.671   ref_length: 1514   comparison_length: 340   similarity: 0.288
BOX270, O55092-Q238A7.msf, SP: 0.296   ref_length: 1376   comparison_length: 649   similarity: 0.169
BOX270, O55092-Q6ESH1.msf, SP: 0.457   ref_length: 1635   comparison_length: 490   similarity: 0.206
BOX270, O55092-Q6H602.msf, SP: 0.383   ref_length: 1322   comparison_length: 583   similarity: 0.204
BOX270, P38692-Q24DI1.msf, SP: 0.214   ref_length: 1423   comparison_length: 987   similarity: 0.155
BOX270, P38692-Q54R82.msf, SP: 0.265   ref_length: 1580   comparison_length: 767   similarity: 0.175
BOX270, P38692-Q6P3R8.msf, SP: 0.294   ref_length: 1091   comparison_length: 697   similarity: 0.141
BOX270, Q00X66-Q4DZE5.msf, SP: 0.335   ref_length: 1742   comparison_length: 612   similarity: 0.186
BOX270, Q01JL6-Q8IVH8.msf, SP: 0.284   ref_length: 1455   comparison_length: 796   similarity: 0.172
BOX270, Q03497-Q6ESH1.msf, SP: 0.529   ref_length: 1436   comparison_length: 397   similarity: 0.232
BOX270, Q175W2-Q6H602.msf, SP: 0.368   ref_length: 762   comparison_length: 508   similarity: 0.219
BOX270, Q1DTE0-Q23YM5.msf, SP: 0.251   ref_length: 1290   comparison_length: 884   similarity: 0.167
BOX270, Q1DTE0-Q55GC2.msf, SP: 0.223   ref_length: 1341   comparison_length: 999   similarity: 0.155
BOX270, Q1DTE0-Q6H602.msf, SP: 0.4   ref_length: 1354   comparison_length: 518   similarity: 0.218
BOX270, Q22K45-Q4DZE5.msf, SP: 0.403   ref_length: 2138   comparison_length: 447   similarity: 0.21
BOX270, Q22TH1-Q238A7.msf, SP: 0.221   ref_length: 1226   comparison_length: 721   similarity: 0.214
BOX270, Q22W91-Q23YM5.msf, SP: 0.227   ref_length: 1361   comparison_length: 944   similarity: 0.147
BOX270, Q238A7-Q6ESH1.msf, SP: 0.358   ref_length: 1102   comparison_length: 586   similarity: 0.22
BOX270, Q4D1T8-Q9SZ29.msf, SP: 0.693   ref_length: 704   comparison_length: 287   similarity: 0.334
BOX270, Q4DA57-Q4GZ66.msf, SP: 0.338   ref_length: 1867   comparison_length: 588   similarity: 0.179
BOX270, Q4DA57-Q518K5.msf, SP: 0.308   ref_length: 1774   comparison_length: 699   similarity: 0.149
BOX270, Q4DA57-Q99683.msf, SP: 0.412   ref_length: 1577   comparison_length: 510   similarity: 0.212
BOX270, Q4DZE5-Q54R82.msf, SP: 0.318   ref_length: 2200   comparison_length: 798   similarity: 0.165
BOX270, Q4PCB9-Q518K5.msf, SP: 0.191   ref_length: 2378   comparison_length: 1055   similarity: 0.144
BOX270, Q4QFK4-Q54PX0.msf, SP: 0.389   ref_length: 689   comparison_length: 434   similarity: 0.226
BOX270, Q4QFK4-Q54XJ4.msf, SP: 0.326   ref_length: 1595   comparison_length: 527   similarity: 0.186
BOX270, Q518K5-Q55GC2.msf, SP: 0.195   ref_length: 1792   comparison_length: 1110   similarity: 0.138
BOX270, Q518K5-Q8IVH8.msf, SP: 0.246   ref_length: 1769   comparison_length: 885   similarity: 0.141
BOX270, Q54PX0-Q55GC2.msf, SP: 0.47   ref_length: 1187   comparison_length: 451   similarity: 0.259
BOX270, Q54QI2-Q9SZ29.msf, SP: 0.436   ref_length: 952   comparison_length: 433   similarity: 0.236
BOX270, Q54XJ4-Q59SB5.msf, SP: 0.397   ref_length: 1520   comparison_length: 531   similarity: 0.222
BOX270, Q6FSC4-Q9LQA1.msf, SP: 0.418   ref_length: 1172   comparison_length: 469   similarity: 0.252
BOX270, Q6FWK3-Q8IVH8.msf, SP: 0.228   ref_length: 1107   comparison_length: 863   similarity: 0.147
BOX270, Q8IVH8-Q9LQA1.msf, SP: 0.281   ref_length: 1271   comparison_length: 743   similarity: 0.209
