BOX012, A0JMN3-O14901.msf, SP: 0.695   ref_length: 527   comparison_length: 443   similarity: 0.508
BOX012, A0JMN3-Q0VA55.msf, SP: 0.731   ref_length: 514   comparison_length: 443   similarity: 0.567
BOX012, O14901-Q5ZJT5.msf, SP: 0.812   ref_length: 537   comparison_length: 505   similarity: 0.584
BOX012, O14901-Q8BHJ1.msf, SP: 0.994   ref_length: 513   comparison_length: 501   similarity: 0.768
BOX012, Q5ZJT5-Q8BHJ1.msf, SP: 0.842   ref_length: 537   comparison_length: 495   similarity: 0.59
BOX017, Q0JQA4-Q69XK6.msf, SP: 0.703   ref_length: 204   comparison_length: 175   similarity: 0.446
BOX017, Q69XK6-Q6ZHT8.msf, SP: 0.638   ref_length: 201   comparison_length: 163   similarity: 0.54
BOX032, O95782-Q4PEU6.msf, SP: 0.758   ref_length: 1010   comparison_length: 956   similarity: 0.43
BOX034, P00515-Q6TU32.msf, SP: 0.9   ref_length: 405   comparison_length: 391   similarity: 0.501
BOX034, P00515-Q6ZXJ1.msf, SP: 0.845   ref_length: 408   comparison_length: 375   similarity: 0.512
BOX034, P81900-Q2V0I9.msf, SP: 0.856   ref_length: 392   comparison_length: 355   similarity: 0.577
BOX034, Q2V0I9-Q6ZXJ1.msf, SP: 0.886   ref_length: 393   comparison_length: 360   similarity: 0.547
BOX034, Q5DI18-Q6TU32.msf, SP: 0.866   ref_length: 401   comparison_length: 372   similarity: 0.516
BOX034, Q5DI18-Q6ZXJ1.msf, SP: 0.903   ref_length: 387   comparison_length: 373   similarity: 0.499
BOX034, Q6NW93-Q6TU32.msf, SP: 0.822   ref_length: 424   comparison_length: 394   similarity: 0.475
BOX036, P00523-Q5TYU7.msf, SP: 0.903   ref_length: 533   comparison_length: 485   similarity: 0.594
BOX036, P00523-Q8WSU2.msf, SP: 0.841   ref_length: 539   comparison_length: 498   similarity: 0.572
BOX036, Q5TYU7-Q6R1Y3.msf, SP: 0.85   ref_length: 567   comparison_length: 481   similarity: 0.518
BOX043, P06683-P48747.msf, SP: 0.918   ref_length: 558   comparison_length: 547   similarity: 0.601
BOX049, O90724-P27230.msf, SP: 1.0   ref_length: 100   comparison_length: 98   similarity: 0.643
BOX049, O90724-P36828.msf, SP: 0.787   ref_length: 102   comparison_length: 94   similarity: 0.468
BOX049, O90724-Q82006.msf, SP: 0.787   ref_length: 102   comparison_length: 94   similarity: 0.521
BOX049, P26557-Q6T377.msf, SP: 0.969   ref_length: 99   comparison_length: 97   similarity: 0.588
BOX049, P36828-Q6T377.msf, SP: 0.86   ref_length: 102   comparison_length: 93   similarity: 0.516
BOX049, Q17UH7-Q82006.msf, SP: 0.835   ref_length: 105   comparison_length: 97   similarity: 0.454
BOX063, O02466-Q6PA47.msf, SP: 0.782   ref_length: 1444   comparison_length: 1277   similarity: 0.458
BOX063, O73798-Q1LWJ4.msf, SP: 0.937   ref_length: 1423   comparison_length: 1340   similarity: 0.68
BOX063, O73798-Q6PA47.msf, SP: 0.837   ref_length: 1436   comparison_length: 1280   similarity: 0.559
BOX063, P06213-Q1LWJ4.msf, SP: 0.866   ref_length: 1460   comparison_length: 1327   similarity: 0.557
BOX063, P06213-Q5VZS3.msf, SP: 0.843   ref_length: 1402   comparison_length: 1277   similarity: 0.538
BOX075, P08709-Q8K3U6.msf, SP: 0.897   ref_length: 467   comparison_length: 445   similarity: 0.658
BOX075, P22457-Q38J75.msf, SP: 0.993   ref_length: 448   comparison_length: 445   similarity: 0.715
BOX075, P22457-Q804X7.msf, SP: 0.946   ref_length: 448   comparison_length: 424   similarity: 0.552
BOX075, Q38J75-Q6GNA2.msf, SP: 0.939   ref_length: 450   comparison_length: 428   similarity: 0.558
BOX075, Q38J75-Q804X7.msf, SP: 0.962   ref_length: 447   comparison_length: 424   similarity: 0.568
BOX075, Q6GNA2-Q804X7.msf, SP: 0.955   ref_length: 434   comparison_length: 423   similarity: 0.612
BOX076, O76945-Q17770.msf, SP: 0.858   ref_length: 504   comparison_length: 478   similarity: 0.441
BOX076, P09103-Q6DD55.msf, SP: 0.952   ref_length: 510   comparison_length: 505   similarity: 0.772
BOX076, Q17770-Q27780.msf, SP: 0.902   ref_length: 500   comparison_length: 489   similarity: 0.532
BOX076, Q17770-Q53YH5.msf, SP: 0.934   ref_length: 501   comparison_length: 488   similarity: 0.523
BOX076, Q1HGL1-Q27780.msf, SP: 0.911   ref_length: 504   comparison_length: 492   similarity: 0.541
BOX076, Q1HGL1-Q6DD55.msf, SP: 0.896   ref_length: 508   comparison_length: 498   similarity: 0.58
BOX076, Q27780-Q53YH5.msf, SP: 0.937   ref_length: 502   comparison_length: 490   similarity: 0.52
BOX079, P08721-P10451.msf, SP: 0.849   ref_length: 332   comparison_length: 299   similarity: 0.679
BOX079, P10451-Q1ZZS7.msf, SP: 0.868   ref_length: 314   comparison_length: 280   similarity: 0.693
BOX079, P14287-Q1ZZS7.msf, SP: 0.982   ref_length: 304   comparison_length: 279   similarity: 0.713
BOX082, P10912-Q9N0Y7.msf, SP: 0.94   ref_length: 642   comparison_length: 604   similarity: 0.699
BOX082, P16882-Q90375.msf, SP: 0.857   ref_length: 654   comparison_length: 607   similarity: 0.572
BOX082, P16882-Q9JI97.msf, SP: 0.947   ref_length: 650   comparison_length: 628   similarity: 0.648
BOX082, Q90375-Q9DE35.msf, SP: 1.0   ref_length: 617   comparison_length: 609   similarity: 0.745
BOX082, Q9JI97-Q9N0Y7.msf, SP: 0.911   ref_length: 640   comparison_length: 596   similarity: 0.669
BOX082, Q9N0Y7-Q9PTI1.msf, SP: 0.834   ref_length: 615   comparison_length: 596   similarity: 0.468
BOX121, O00445-Q25393.msf, SP: 0.877   ref_length: 429   comparison_length: 381   similarity: 0.52
BOX121, O00445-Q9BMF3.msf, SP: 0.865   ref_length: 437   comparison_length: 378   similarity: 0.519
BOX121, P21579-Q6DH18.msf, SP: 0.8   ref_length: 423   comparison_length: 404   similarity: 0.569
BOX121, P21579-Q9U8R6.msf, SP: 0.87   ref_length: 425   comparison_length: 392   similarity: 0.61
BOX121, P34693-Q3LRV5.msf, SP: 0.743   ref_length: 442   comparison_length: 420   similarity: 0.536
BOX121, Q66KE5-Q9U8R6.msf, SP: 0.782   ref_length: 415   comparison_length: 376   similarity: 0.471
BOX121, Q6DH18-Q869G5.msf, SP: 0.75   ref_length: 427   comparison_length: 396   similarity: 0.492
BOX122, O46423-O46549.msf, SP: 0.985   ref_length: 534   comparison_length: 532   similarity: 0.729
BOX122, O46549-Q28612.msf, SP: 0.979   ref_length: 533   comparison_length: 532   similarity: 0.771
BOX122, O46549-Q64550.msf, SP: 0.976   ref_length: 535   comparison_length: 533   similarity: 0.677
BOX122, O46549-Q6T5F0.msf, SP: 0.998   ref_length: 533   comparison_length: 531   similarity: 0.78
BOX122, O46549-Q6XL46.msf, SP: 0.917   ref_length: 534   comparison_length: 530   similarity: 0.623
BOX122, P22309-Q09M14.msf, SP: 0.916   ref_length: 534   comparison_length: 521   similarity: 0.495
BOX122, Q09M14-Q0II94.msf, SP: 0.823   ref_length: 531   comparison_length: 520   similarity: 0.421
BOX122, Q09M14-Q28612.msf, SP: 0.942   ref_length: 534   comparison_length: 520   similarity: 0.488
BOX122, Q09M14-Q6T5F0.msf, SP: 0.956   ref_length: 532   comparison_length: 521   similarity: 0.514
BOX122, Q0II94-Q5DSZ5.msf, SP: 0.8   ref_length: 539   comparison_length: 520   similarity: 0.435
BOX122, Q0II94-Q8K154.msf, SP: 0.873   ref_length: 532   comparison_length: 529   similarity: 0.567
BOX122, Q28612-Q8K154.msf, SP: 0.874   ref_length: 542   comparison_length: 522   similarity: 0.454
BOX122, Q32LW4-Q64550.msf, SP: 0.935   ref_length: 535   comparison_length: 525   similarity: 0.547
BOX122, Q5DSZ5-Q8BWQ1.msf, SP: 0.8   ref_length: 540   comparison_length: 524   similarity: 0.426
BOX122, Q6K1J1-Q8BWQ1.msf, SP: 0.89   ref_length: 537   comparison_length: 527   similarity: 0.619
BOX122, Q6T5F0-Q6XL46.msf, SP: 0.892   ref_length: 532   comparison_length: 530   similarity: 0.657
BOX122, Q6XL46-Q8BWQ1.msf, SP: 0.764   ref_length: 540   comparison_length: 525   similarity: 0.415
BOX122, Q8BWQ1-Q8K154.msf, SP: 0.938   ref_length: 537   comparison_length: 529   similarity: 0.611
BOX122, Q8BWQ1-Q9XS56.msf, SP: 0.823   ref_length: 542   comparison_length: 524   similarity: 0.408
BOX122, Q8K154-Q9XS56.msf, SP: 0.9   ref_length: 542   comparison_length: 522   similarity: 0.448
BOX132, Q24DQ8-Q2HH37.msf, SP: 0.744   ref_length: 138   comparison_length: 82   similarity: 0.573
BOX132, Q24DQ8-Q5CVZ9.msf, SP: 0.948   ref_length: 140   comparison_length: 135   similarity: 0.63
BOX132, Q5CVZ9-Q7PZC9.msf, SP: 0.924   ref_length: 145   comparison_length: 119   similarity: 0.613
BOX133, P27797-Q9ZNY3.msf, SP: 0.855   ref_length: 419   comparison_length: 399   similarity: 0.526
BOX133, Q06814-Q53YH3.msf, SP: 0.805   ref_length: 410   comparison_length: 389   similarity: 0.506
BOX133, Q53YH3-Q8IS63.msf, SP: 0.902   ref_length: 409   comparison_length: 400   similarity: 0.703
BOX133, Q53YH3-Q9FYV2.msf, SP: 0.823   ref_length: 433   comparison_length: 400   similarity: 0.537
BOX133, Q5YER3-Q8IS63.msf, SP: 0.802   ref_length: 414   comparison_length: 394   similarity: 0.523
BOX142, P29460-Q8CJE6.msf, SP: 0.951   ref_length: 329   comparison_length: 326   similarity: 0.733
BOX158, O00053-O44343.msf, SP: 0.912   ref_length: 671   comparison_length: 617   similarity: 0.588
BOX158, O00053-O62568.msf, SP: 0.961   ref_length: 669   comparison_length: 639   similarity: 0.645
BOX158, O00053-P93937.msf, SP: 0.964   ref_length: 690   comparison_length: 614   similarity: 0.606
BOX158, O00053-Q06248.msf, SP: 0.953   ref_length: 674   comparison_length: 617   similarity: 0.577
BOX158, O00053-Q0WY91.msf, SP: 0.947   ref_length: 682   comparison_length: 617   similarity: 0.575
BOX158, O00053-Q1E884.msf, SP: 0.948   ref_length: 677   comparison_length: 650   similarity: 0.7
BOX158, O00053-Q2V2L6.msf, SP: 0.911   ref_length: 662   comparison_length: 644   similarity: 0.533
BOX158, O00053-Q53RJ5.msf, SP: 0.925   ref_length: 677   comparison_length: 644   similarity: 0.607
BOX158, O00053-Q6BZH1.msf, SP: 0.957   ref_length: 684   comparison_length: 651   similarity: 0.677
BOX158, O00053-Q9U540.msf, SP: 0.923   ref_length: 674   comparison_length: 646   similarity: 0.608
BOX158, O00827-O62568.msf, SP: 0.946   ref_length: 688   comparison_length: 627   similarity: 0.576
BOX158, O00827-P16394.msf, SP: 0.945   ref_length: 682   comparison_length: 653   similarity: 0.619
BOX158, O00827-P93937.msf, SP: 0.945   ref_length: 660   comparison_length: 651   similarity: 0.631
BOX158, O00827-Q06248.msf, SP: 0.938   ref_length: 664   comparison_length: 634   similarity: 0.595
BOX158, O00827-Q0WY91.msf, SP: 0.935   ref_length: 663   comparison_length: 643   similarity: 0.594
BOX158, O00827-Q1E884.msf, SP: 0.907   ref_length: 711   comparison_length: 623   similarity: 0.573
BOX158, O00827-Q24798.msf, SP: 0.869   ref_length: 690   comparison_length: 620   similarity: 0.568
BOX158, O00827-Q56D08.msf, SP: 0.879   ref_length: 701   comparison_length: 636   similarity: 0.571
BOX158, O00827-Q5G7K7.msf, SP: 0.949   ref_length: 690   comparison_length: 629   similarity: 0.571
BOX158, O00827-Q6BZH1.msf, SP: 0.875   ref_length: 712   comparison_length: 630   similarity: 0.576
BOX158, O00827-Q84KP8.msf, SP: 0.85   ref_length: 801   comparison_length: 633   similarity: 0.555
BOX158, O00827-Q8T869.msf, SP: 0.878   ref_length: 693   comparison_length: 624   similarity: 0.554
BOX158, O00827-Q99170.msf, SP: 0.887   ref_length: 698   comparison_length: 631   similarity: 0.572
BOX158, O00827-Q9HG01.msf, SP: 0.925   ref_length: 701   comparison_length: 623   similarity: 0.557
BOX158, O00827-Q9LU13.msf, SP: 0.958   ref_length: 667   comparison_length: 648   similarity: 0.628
BOX158, O44343-O45038.msf, SP: 0.946   ref_length: 671   comparison_length: 613   similarity: 0.594
BOX158, O44343-Q0GFF0.msf, SP: 0.952   ref_length: 668   comparison_length: 627   similarity: 0.656
BOX158, O44343-Q0Q5B2.msf, SP: 0.926   ref_length: 675   comparison_length: 619   similarity: 0.601
BOX158, O44343-Q1E884.msf, SP: 0.921   ref_length: 690   comparison_length: 621   similarity: 0.594
BOX158, O44343-Q22C26.msf, SP: 0.941   ref_length: 649   comparison_length: 632   similarity: 0.631
BOX158, O44343-Q24798.msf, SP: 0.917   ref_length: 675   comparison_length: 612   similarity: 0.601
BOX158, O44343-Q6B3P1.msf, SP: 0.941   ref_length: 671   comparison_length: 624   similarity: 0.652
BOX158, O44343-Q6BZH1.msf, SP: 0.928   ref_length: 696   comparison_length: 623   similarity: 0.584
BOX158, O44343-Q7YZR5.msf, SP: 0.948   ref_length: 673   comparison_length: 614   similarity: 0.593
BOX158, O44343-Q98RS1.msf, SP: 0.967   ref_length: 655   comparison_length: 631   similarity: 0.68
BOX158, O44343-Q9LU13.msf, SP: 0.905   ref_length: 660   comparison_length: 632   similarity: 0.68
BOX158, O44343-Q9U777.msf, SP: 0.956   ref_length: 653   comparison_length: 633   similarity: 0.682
BOX158, O45038-O77164.msf, SP: 0.946   ref_length: 666   comparison_length: 643   similarity: 0.608
BOX158, O45038-P36604.msf, SP: 0.922   ref_length: 668   comparison_length: 643   similarity: 0.636
BOX158, O45038-Q0WY91.msf, SP: 0.949   ref_length: 672   comparison_length: 623   similarity: 0.57
BOX158, O45038-Q24842.msf, SP: 0.96   ref_length: 680   comparison_length: 624   similarity: 0.611
BOX158, O45038-Q2V2L6.msf, SP: 0.925   ref_length: 663   comparison_length: 639   similarity: 0.581
BOX158, O45038-Q6DD68.msf, SP: 0.965   ref_length: 658   comparison_length: 648   similarity: 0.736
BOX158, O45038-Q7R2I7.msf, SP: 0.94   ref_length: 692   comparison_length: 633   similarity: 0.562
BOX158, O45038-Q9C1C1.msf, SP: 0.956   ref_length: 677   comparison_length: 640   similarity: 0.627
BOX158, O62568-O77164.msf, SP: 0.94   ref_length: 668   comparison_length: 649   similarity: 0.606
BOX158, O62568-Q01EX3.msf, SP: 0.941   ref_length: 675   comparison_length: 644   similarity: 0.677
BOX158, O62568-Q07615.msf, SP: 0.933   ref_length: 664   comparison_length: 644   similarity: 0.621
BOX158, O62568-Q0GFF0.msf, SP: 0.967   ref_length: 685   comparison_length: 630   similarity: 0.633
BOX158, O62568-Q41074.msf, SP: 0.934   ref_length: 668   comparison_length: 647   similarity: 0.654
BOX158, O62568-Q4JR66.msf, SP: 0.947   ref_length: 668   comparison_length: 642   similarity: 0.578
BOX158, O62568-Q5CZ02.msf, SP: 0.954   ref_length: 663   comparison_length: 648   similarity: 0.673
BOX158, O62568-Q6B3P1.msf, SP: 0.962   ref_length: 688   comparison_length: 627   similarity: 0.606
BOX158, O62568-Q84KP8.msf, SP: 0.917   ref_length: 779   comparison_length: 652   similarity: 0.629
BOX158, O62568-Q8T869.msf, SP: 0.942   ref_length: 664   comparison_length: 650   similarity: 0.638
BOX158, O62568-Q9LU13.msf, SP: 0.957   ref_length: 681   comparison_length: 631   similarity: 0.61
BOX158, O77164-P16394.msf, SP: 0.948   ref_length: 703   comparison_length: 634   similarity: 0.573
BOX158, O77164-P16474.msf, SP: 0.923   ref_length: 690   comparison_length: 653   similarity: 0.602
BOX158, O77164-Q4Q7Y4.msf, SP: 0.932   ref_length: 684   comparison_length: 635   similarity: 0.581
BOX158, O77164-Q512Q5.msf, SP: 0.952   ref_length: 671   comparison_length: 650   similarity: 0.671
BOX158, O77164-Q53RJ5.msf, SP: 0.934   ref_length: 683   comparison_length: 647   similarity: 0.589
BOX158, O77164-Q6B3P1.msf, SP: 0.954   ref_length: 690   comparison_length: 630   similarity: 0.594
BOX158, O77164-Q84KP8.msf, SP: 0.91   ref_length: 781   comparison_length: 655   similarity: 0.585
BOX158, O77164-Q9C1C1.msf, SP: 0.937   ref_length: 684   comparison_length: 646   similarity: 0.587
BOX158, O77164-Q9HG01.msf, SP: 0.941   ref_length: 677   comparison_length: 649   similarity: 0.592
BOX158, P16394-Q01EX3.msf, SP: 0.966   ref_length: 715   comparison_length: 624   similarity: 0.617
BOX158, P16394-Q06248.msf, SP: 0.95   ref_length: 679   comparison_length: 636   similarity: 0.64
BOX158, P16394-Q0GFF0.msf, SP: 0.92   ref_length: 682   comparison_length: 653   similarity: 0.681
BOX158, P16394-Q1E884.msf, SP: 0.954   ref_length: 723   comparison_length: 628   similarity: 0.576
BOX158, P16394-Q3SE32.msf, SP: 0.963   ref_length: 699   comparison_length: 628   similarity: 0.548
BOX158, P16394-Q4Q7Y4.msf, SP: 0.954   ref_length: 683   comparison_length: 651   similarity: 0.696
BOX158, P16394-Q53RJ5.msf, SP: 0.965   ref_length: 719   comparison_length: 626   similarity: 0.569
BOX158, P16394-Q9HG01.msf, SP: 0.957   ref_length: 714   comparison_length: 627   similarity: 0.557
BOX158, P16394-Q9U540.msf, SP: 0.956   ref_length: 713   comparison_length: 631   similarity: 0.601
BOX158, P16474-P22010.msf, SP: 0.973   ref_length: 684   comparison_length: 677   similarity: 0.778
BOX158, P16474-Q0GFF0.msf, SP: 0.938   ref_length: 709   comparison_length: 632   similarity: 0.609
BOX158, P16474-Q3SE33.msf, SP: 0.915   ref_length: 687   comparison_length: 644   similarity: 0.547
BOX158, P16474-Q5CIT8.msf, SP: 0.903   ref_length: 723   comparison_length: 636   similarity: 0.571
BOX158, P16474-Q7R2I7.msf, SP: 0.892   ref_length: 708   comparison_length: 651   similarity: 0.556
BOX158, P16474-Q8T869.msf, SP: 0.927   ref_length: 686   comparison_length: 654   similarity: 0.607
BOX158, P16474-Q99170.msf, SP: 0.949   ref_length: 685   comparison_length: 667   similarity: 0.742
BOX158, P22010-P93937.msf, SP: 0.914   ref_length: 704   comparison_length: 627   similarity: 0.576
BOX158, P22010-Q06248.msf, SP: 0.961   ref_length: 699   comparison_length: 619   similarity: 0.574
BOX158, P22010-Q0WY91.msf, SP: 0.873   ref_length: 697   comparison_length: 629   similarity: 0.569
BOX158, P22010-Q56D08.msf, SP: 0.934   ref_length: 691   comparison_length: 666   similarity: 0.718
BOX158, P22010-Q5CIT8.msf, SP: 0.907   ref_length: 724   comparison_length: 632   similarity: 0.571
BOX158, P22010-Q6B3P1.msf, SP: 0.914   ref_length: 711   comparison_length: 627   similarity: 0.558
BOX158, P22010-Q7YZR5.msf, SP: 0.936   ref_length: 685   comparison_length: 645   similarity: 0.597
BOX158, P22010-Q9LU13.msf, SP: 0.937   ref_length: 703   comparison_length: 632   similarity: 0.582
BOX158, P22010-Q9U540.msf, SP: 0.926   ref_length: 685   comparison_length: 662   similarity: 0.603
BOX158, P36604-Q1E884.msf, SP: 0.94   ref_length: 683   comparison_length: 655   similarity: 0.715
BOX158, P36604-Q24798.msf, SP: 0.944   ref_length: 668   comparison_length: 646   similarity: 0.632
BOX158, P36604-Q3SD88.msf, SP: 0.935   ref_length: 678   comparison_length: 629   similarity: 0.566
BOX158, P36604-Q3SE32.msf, SP: 0.918   ref_length: 670   comparison_length: 644   similarity: 0.578
BOX158, P36604-Q5K6Z5.msf, SP: 0.932   ref_length: 750   comparison_length: 657   similarity: 0.664
BOX158, P36604-Q6BZH1.msf, SP: 0.917   ref_length: 687   comparison_length: 659   similarity: 0.692
BOX158, P36604-Q84KP8.msf, SP: 0.904   ref_length: 780   comparison_length: 658   similarity: 0.622
BOX158, P49118-Q01EX3.msf, SP: 0.927   ref_length: 672   comparison_length: 657   similarity: 0.788
BOX158, P49118-Q0GFF0.msf, SP: 0.965   ref_length: 697   comparison_length: 628   similarity: 0.626
BOX158, P49118-Q24842.msf, SP: 0.948   ref_length: 692   comparison_length: 630   similarity: 0.632
BOX158, P49118-Q512Q5.msf, SP: 0.931   ref_length: 685   comparison_length: 641   similarity: 0.579
BOX158, P49118-Q5CZ02.msf, SP: 0.938   ref_length: 673   comparison_length: 648   similarity: 0.679
BOX158, P49118-Q5G7K7.msf, SP: 0.963   ref_length: 675   comparison_length: 651   similarity: 0.697
BOX158, P49118-Q99170.msf, SP: 0.901   ref_length: 678   comparison_length: 658   similarity: 0.632
BOX158, P49118-Q9HG01.msf, SP: 0.951   ref_length: 677   comparison_length: 654   similarity: 0.612
BOX158, P93937-Q06248.msf, SP: 0.948   ref_length: 660   comparison_length: 631   similarity: 0.666
BOX158, P93937-Q1E884.msf, SP: 0.942   ref_length: 704   comparison_length: 623   similarity: 0.615
BOX158, P93937-Q22TE0.msf, SP: 0.943   ref_length: 685   comparison_length: 619   similarity: 0.578
BOX158, P93937-Q24798.msf, SP: 0.955   ref_length: 684   comparison_length: 619   similarity: 0.633
BOX158, P93937-Q3SE32.msf, SP: 0.952   ref_length: 679   comparison_length: 624   similarity: 0.577
BOX158, P93937-Q5G7K7.msf, SP: 0.943   ref_length: 685   comparison_length: 627   similarity: 0.608
BOX158, P93937-Q7YZR5.msf, SP: 0.964   ref_length: 685   comparison_length: 618   similarity: 0.633
BOX158, P93937-Q99170.msf, SP: 0.93   ref_length: 692   comparison_length: 630   similarity: 0.605
BOX158, Q01EX3-Q3SE32.msf, SP: 0.955   ref_length: 673   comparison_length: 641   similarity: 0.665
BOX158, Q01EX3-Q4JR66.msf, SP: 0.91   ref_length: 670   comparison_length: 647   similarity: 0.56
BOX158, Q01EX3-Q4Q7Y4.msf, SP: 0.958   ref_length: 697   comparison_length: 624   similarity: 0.635
BOX158, Q01EX3-Q53RJ5.msf, SP: 0.928   ref_length: 675   comparison_length: 657   similarity: 0.665
BOX158, Q01EX3-Q56D08.msf, SP: 0.922   ref_length: 684   comparison_length: 657   similarity: 0.615
BOX158, Q01EX3-Q75HQ0.msf, SP: 0.915   ref_length: 689   comparison_length: 661   similarity: 0.678
BOX158, Q01EX3-Q8WT39.msf, SP: 0.941   ref_length: 727   comparison_length: 628   similarity: 0.618
BOX158, Q01EX3-Q99170.msf, SP: 0.953   ref_length: 677   comparison_length: 656   similarity: 0.623
BOX158, Q01EX3-Q9U777.msf, SP: 0.964   ref_length: 694   comparison_length: 619   similarity: 0.604
BOX158, Q06248-Q24798.msf, SP: 0.972   ref_length: 677   comparison_length: 613   similarity: 0.579
BOX158, Q06248-Q2V2L6.msf, SP: 0.927   ref_length: 678   comparison_length: 615   similarity: 0.533
BOX158, Q06248-Q4Q7Y4.msf, SP: 0.978   ref_length: 661   comparison_length: 636   similarity: 0.665
BOX158, Q06248-Q5G7K7.msf, SP: 0.976   ref_length: 682   comparison_length: 617   similarity: 0.592
BOX158, Q06248-Q7YZR5.msf, SP: 0.969   ref_length: 675   comparison_length: 615   similarity: 0.584
BOX158, Q06248-Q98RS1.msf, SP: 0.965   ref_length: 653   comparison_length: 636   similarity: 0.637
BOX158, Q06248-Q9C1C1.msf, SP: 0.948   ref_length: 688   comparison_length: 620   similarity: 0.598
BOX158, Q06248-Q9LU13.msf, SP: 0.965   ref_length: 659   comparison_length: 636   similarity: 0.654
BOX158, Q07615-Q22C26.msf, SP: 0.979   ref_length: 678   comparison_length: 619   similarity: 0.575
BOX158, Q07615-Q6BZH1.msf, SP: 0.909   ref_length: 684   comparison_length: 651   similarity: 0.59
BOX158, Q07615-Q84KP8.msf, SP: 0.906   ref_length: 776   comparison_length: 651   similarity: 0.618
BOX158, Q0GFF0-Q1E884.msf, SP: 0.954   ref_length: 710   comparison_length: 624   similarity: 0.603
BOX158, Q0GFF0-Q2V2L6.msf, SP: 0.919   ref_length: 693   comparison_length: 620   similarity: 0.545
BOX158, Q0GFF0-Q512Q5.msf, SP: 0.93   ref_length: 680   comparison_length: 639   similarity: 0.537
BOX158, Q0GFF0-Q56D08.msf, SP: 0.912   ref_length: 700   comparison_length: 637   similarity: 0.595
BOX158, Q0GFF0-Q5G7K7.msf, SP: 0.959   ref_length: 692   comparison_length: 627   similarity: 0.612
BOX158, Q0GFF0-Q7YZR5.msf, SP: 0.953   ref_length: 688   comparison_length: 622   similarity: 0.598
BOX158, Q0Q5B2-Q22C26.msf, SP: 0.968   ref_length: 677   comparison_length: 626   similarity: 0.591
BOX158, Q0Q5B2-Q24842.msf, SP: 0.944   ref_length: 684   comparison_length: 630   similarity: 0.595
BOX158, Q0Q5B2-Q3SD88.msf, SP: 0.936   ref_length: 673   comparison_length: 629   similarity: 0.58
BOX158, Q0Q5B2-Q53RJ5.msf, SP: 0.948   ref_length: 677   comparison_length: 650   similarity: 0.632
BOX158, Q0Q5B2-Q6BZH1.msf, SP: 0.913   ref_length: 687   comparison_length: 654   similarity: 0.586
BOX158, Q0Q5B2-Q9U540.msf, SP: 0.917   ref_length: 673   comparison_length: 653   similarity: 0.655
BOX158, Q0WY91-Q24798.msf, SP: 0.921   ref_length: 675   comparison_length: 623   similarity: 0.584
BOX158, Q0WY91-Q512Q5.msf, SP: 0.893   ref_length: 674   comparison_length: 633   similarity: 0.504
BOX158, Q0WY91-Q53RJ5.msf, SP: 0.955   ref_length: 691   comparison_length: 625   similarity: 0.592
BOX158, Q0WY91-Q5G7K7.msf, SP: 0.946   ref_length: 680   comparison_length: 627   similarity: 0.581
BOX158, Q0WY91-Q75HQ0.msf, SP: 0.924   ref_length: 706   comparison_length: 628   similarity: 0.597
BOX158, Q1E884-Q22C26.msf, SP: 0.939   ref_length: 692   comparison_length: 628   similarity: 0.565
BOX158, Q1E884-Q24842.msf, SP: 0.943   ref_length: 703   comparison_length: 628   similarity: 0.591
BOX158, Q1E884-Q3SE32.msf, SP: 0.938   ref_length: 684   comparison_length: 642   similarity: 0.595
BOX158, Q1E884-Q3ZBV7.msf, SP: 0.94   ref_length: 695   comparison_length: 621   similarity: 0.612
BOX158, Q1E884-Q6BZH1.msf, SP: 0.964   ref_length: 687   comparison_length: 671   similarity: 0.706
BOX158, Q22C26-Q2V2L6.msf, SP: 0.966   ref_length: 679   comparison_length: 620   similarity: 0.529
BOX158, Q22C26-Q4Q7Y4.msf, SP: 0.963   ref_length: 663   comparison_length: 640   similarity: 0.639
BOX158, Q22C26-Q84KP8.msf, SP: 0.937   ref_length: 785   comparison_length: 635   similarity: 0.575
BOX158, Q22C26-Q99170.msf, SP: 0.979   ref_length: 682   comparison_length: 633   similarity: 0.572
BOX158, Q22C26-Q9C1C1.msf, SP: 0.941   ref_length: 686   comparison_length: 628   similarity: 0.575
BOX158, Q22TE0-Q9U540.msf, SP: 0.937   ref_length: 672   comparison_length: 648   similarity: 0.657
BOX158, Q24798-Q3SD88.msf, SP: 0.931   ref_length: 670   comparison_length: 625   similarity: 0.581
BOX158, Q24798-Q6B3P1.msf, SP: 0.952   ref_length: 690   comparison_length: 620   similarity: 0.597
BOX158, Q24798-Q6BZH1.msf, SP: 0.931   ref_length: 686   comparison_length: 648   similarity: 0.616
BOX158, Q24798-Q84KP8.msf, SP: 0.867   ref_length: 779   comparison_length: 647   similarity: 0.611
BOX158, Q24798-Q9HG01.msf, SP: 0.93   ref_length: 670   comparison_length: 646   similarity: 0.625
BOX158, Q24842-Q98RS1.msf, SP: 0.955   ref_length: 668   comparison_length: 638   similarity: 0.708
BOX158, Q26924-Q9U540.msf, SP: 0.909   ref_length: 684   comparison_length: 636   similarity: 0.626
BOX158, Q26924-Q9U777.msf, SP: 0.917   ref_length: 675   comparison_length: 627   similarity: 0.593
BOX158, Q2V2L6-Q56D08.msf, SP: 0.915   ref_length: 682   comparison_length: 650   similarity: 0.56
BOX158, Q2V2L6-Q98RS1.msf, SP: 0.974   ref_length: 684   comparison_length: 620   similarity: 0.55
BOX158, Q3SD88-Q3SE33.msf, SP: 0.872   ref_length: 666   comparison_length: 627   similarity: 0.531
BOX158, Q3SD88-Q512Q5.msf, SP: 0.907   ref_length: 677   comparison_length: 627   similarity: 0.526
BOX158, Q3SD88-Q56D08.msf, SP: 0.888   ref_length: 687   comparison_length: 635   similarity: 0.557
BOX158, Q3SD88-Q5G7K7.msf, SP: 0.957   ref_length: 677   comparison_length: 627   similarity: 0.576
BOX158, Q3SD88-Q5K6Z5.msf, SP: 0.93   ref_length: 760   comparison_length: 628   similarity: 0.578
BOX158, Q3SE32-Q3ZBV7.msf, SP: 0.961   ref_length: 674   comparison_length: 618   similarity: 0.583
BOX158, Q3SE32-Q4JR66.msf, SP: 0.92   ref_length: 666   comparison_length: 639   similarity: 0.576
BOX158, Q3SE32-Q5G7K7.msf, SP: 0.931   ref_length: 671   comparison_length: 640   similarity: 0.63
BOX158, Q3SE33-Q8WT39.msf, SP: 0.919   ref_length: 711   comparison_length: 630   similarity: 0.519
BOX158, Q3SE33-Q9U777.msf, SP: 0.919   ref_length: 679   comparison_length: 620   similarity: 0.542
BOX158, Q3ZBV7-Q5CZ02.msf, SP: 0.976   ref_length: 680   comparison_length: 616   similarity: 0.615
BOX158, Q3ZBV7-Q6B3P1.msf, SP: 0.944   ref_length: 672   comparison_length: 628   similarity: 0.691
BOX158, Q3ZBV7-Q6DD68.msf, SP: 0.972   ref_length: 681   comparison_length: 618   similarity: 0.629
BOX158, Q41074-Q9C1C1.msf, SP: 0.924   ref_length: 682   comparison_length: 646   similarity: 0.615
BOX158, Q41074-Q9U777.msf, SP: 0.953   ref_length: 689   comparison_length: 620   similarity: 0.573
BOX158, Q4JR66-Q4Q7Y4.msf, SP: 0.966   ref_length: 691   comparison_length: 621   similarity: 0.56
BOX158, Q4JR66-Q5G7K7.msf, SP: 0.915   ref_length: 675   comparison_length: 639   similarity: 0.559
BOX158, Q4JR66-Q5K6Z5.msf, SP: 0.925   ref_length: 748   comparison_length: 650   similarity: 0.549
BOX158, Q4JR66-Q9U540.msf, SP: 0.949   ref_length: 671   comparison_length: 651   similarity: 0.622
BOX158, Q4JR66-Q9U777.msf, SP: 0.951   ref_length: 686   comparison_length: 618   similarity: 0.532
BOX158, Q4Q7Y4-Q98RS1.msf, SP: 0.981   ref_length: 670   comparison_length: 638   similarity: 0.699
BOX158, Q4Q7Y4-Q9U540.msf, SP: 0.935   ref_length: 694   comparison_length: 632   similarity: 0.604
BOX158, Q512Q5-Q53RJ5.msf, SP: 0.912   ref_length: 691   comparison_length: 638   similarity: 0.558
BOX158, Q512Q5-Q56D08.msf, SP: 0.904   ref_length: 685   comparison_length: 653   similarity: 0.547
BOX158, Q512Q5-Q5CIT8.msf, SP: 0.895   ref_length: 697   comparison_length: 640   similarity: 0.516
BOX158, Q512Q5-Q8T869.msf, SP: 0.941   ref_length: 675   comparison_length: 643   similarity: 0.572
BOX158, Q512Q5-Q9U540.msf, SP: 0.887   ref_length: 681   comparison_length: 647   similarity: 0.584
BOX158, Q53RJ5-Q7R2I7.msf, SP: 0.883   ref_length: 703   comparison_length: 643   similarity: 0.571
BOX158, Q56D08-Q7R2I7.msf, SP: 0.863   ref_length: 703   comparison_length: 652   similarity: 0.577
BOX158, Q56D08-Q84KP8.msf, SP: 0.84   ref_length: 783   comparison_length: 670   similarity: 0.597
BOX158, Q56D08-Q99170.msf, SP: 0.922   ref_length: 680   comparison_length: 668   similarity: 0.763
BOX158, Q56D08-Q9C1C1.msf, SP: 0.935   ref_length: 688   comparison_length: 659   similarity: 0.675
BOX158, Q56D08-Q9U540.msf, SP: 0.898   ref_length: 682   comparison_length: 664   similarity: 0.602
BOX158, Q5CIT8-Q5K6Z5.msf, SP: 0.916   ref_length: 791   comparison_length: 630   similarity: 0.589
BOX158, Q5CIT8-Q6DD68.msf, SP: 0.914   ref_length: 705   comparison_length: 630   similarity: 0.594
BOX158, Q5CIT8-Q99170.msf, SP: 0.936   ref_length: 711   comparison_length: 636   similarity: 0.591
BOX158, Q5CIT8-Q9U540.msf, SP: 0.907   ref_length: 712   comparison_length: 633   similarity: 0.591
BOX158, Q5CZ02-Q7R2I7.msf, SP: 0.925   ref_length: 690   comparison_length: 642   similarity: 0.57
BOX158, Q5CZ02-Q7YZR5.msf, SP: 0.938   ref_length: 662   comparison_length: 644   similarity: 0.637
BOX158, Q5CZ02-Q8WT39.msf, SP: 0.94   ref_length: 718   comparison_length: 629   similarity: 0.593
BOX158, Q5CZ02-Q99170.msf, SP: 0.882   ref_length: 671   comparison_length: 654   similarity: 0.619
BOX158, Q5CZ02-Q9C1C1.msf, SP: 0.895   ref_length: 676   comparison_length: 648   similarity: 0.611
BOX158, Q5CZ02-Q9U540.msf, SP: 0.957   ref_length: 668   comparison_length: 655   similarity: 0.757
BOX158, Q5G7K7-Q75HQ0.msf, SP: 0.944   ref_length: 692   comparison_length: 655   similarity: 0.647
BOX158, Q5G7K7-Q7YZR5.msf, SP: 0.93   ref_length: 670   comparison_length: 641   similarity: 0.613
BOX158, Q5G7K7-Q8T869.msf, SP: 0.907   ref_length: 671   comparison_length: 647   similarity: 0.611
BOX158, Q5G7K7-Q9U540.msf, SP: 0.916   ref_length: 676   comparison_length: 652   similarity: 0.666
BOX158, Q5K6Z5-Q6DD68.msf, SP: 0.946   ref_length: 750   comparison_length: 652   similarity: 0.683
BOX158, Q6B3P1-Q99170.msf, SP: 0.914   ref_length: 699   comparison_length: 630   similarity: 0.598
BOX158, Q6B3P1-Q9C1C1.msf, SP: 0.947   ref_length: 707   comparison_length: 621   similarity: 0.61
BOX158, Q6BZH1-Q8T869.msf, SP: 0.93   ref_length: 684   comparison_length: 657   similarity: 0.598
BOX158, Q6BZH1-Q9C1C1.msf, SP: 0.932   ref_length: 687   comparison_length: 665   similarity: 0.66
BOX158, Q6BZH1-Q9U777.msf, SP: 0.931   ref_length: 706   comparison_length: 627   similarity: 0.582
BOX158, Q6DD68-Q8T869.msf, SP: 0.943   ref_length: 666   comparison_length: 650   similarity: 0.646
BOX158, Q75HQ0-Q99170.msf, SP: 0.893   ref_length: 695   comparison_length: 662   similarity: 0.588
BOX158, Q75HQ0-Q9LU13.msf, SP: 0.917   ref_length: 713   comparison_length: 630   similarity: 0.587
BOX158, Q7R2I7-Q99170.msf, SP: 0.897   ref_length: 699   comparison_length: 648   similarity: 0.566
BOX158, Q7R2I7-Q9U777.msf, SP: 0.875   ref_length: 705   comparison_length: 622   similarity: 0.545
BOX158, Q7YZR5-Q8T869.msf, SP: 0.932   ref_length: 662   comparison_length: 647   similarity: 0.624
BOX158, Q7YZR5-Q98RS1.msf, SP: 0.953   ref_length: 681   comparison_length: 620   similarity: 0.608
BOX158, Q7YZR5-Q9C1C1.msf, SP: 0.949   ref_length: 676   comparison_length: 644   similarity: 0.62
BOX158, Q84KP8-Q8T869.msf, SP: 0.905   ref_length: 777   comparison_length: 656   similarity: 0.614
BOX158, Q84KP8-Q9LU13.msf, SP: 0.948   ref_length: 794   comparison_length: 637   similarity: 0.597
BOX158, Q8WT39-Q99170.msf, SP: 0.906   ref_length: 723   comparison_length: 639   similarity: 0.584
BOX158, Q8WT39-Q9LU13.msf, SP: 0.942   ref_length: 694   comparison_length: 654   similarity: 0.732
BOX158, Q98RS1-Q9HG01.msf, SP: 0.936   ref_length: 694   comparison_length: 621   similarity: 0.63
BOX180, A0AQ60-Q1HQX4.msf, SP: 0.99   ref_length: 209   comparison_length: 205   similarity: 0.702
BOX180, P49755-Q1HQA9.msf, SP: 0.817   ref_length: 222   comparison_length: 202   similarity: 0.614
BOX180, P49755-Q1HQX4.msf, SP: 0.8   ref_length: 222   comparison_length: 205   similarity: 0.537
BOX180, P49755-Q5DBA9.msf, SP: 0.796   ref_length: 220   comparison_length: 191   similarity: 0.487
BOX180, Q20546-Q5DBA9.msf, SP: 0.812   ref_length: 210   comparison_length: 186   similarity: 0.5
BOX183, P50538-Q0VH34.msf, SP: 0.908   ref_length: 231   comparison_length: 217   similarity: 0.733
BOX183, P50538-Q6FHW2.msf, SP: 0.833   ref_length: 246   comparison_length: 209   similarity: 0.574
BOX183, P50539-P50541.msf, SP: 0.839   ref_length: 254   comparison_length: 217   similarity: 0.677
BOX183, P50539-Q0VCC9.msf, SP: 0.795   ref_length: 232   comparison_length: 205   similarity: 0.532
BOX183, Q05195-Q28CB7.msf, SP: 0.848   ref_length: 272   comparison_length: 211   similarity: 0.569
BOX183, Q05195-Q3USD3.msf, SP: 0.885   ref_length: 240   comparison_length: 209   similarity: 0.603
BOX183, Q0VCC9-Q66II4.msf, SP: 0.704   ref_length: 243   comparison_length: 206   similarity: 0.481
BOX183, Q0VH34-Q3I525.msf, SP: 0.729   ref_length: 257   comparison_length: 203   similarity: 0.552
BOX183, Q0VH34-Q6FHW2.msf, SP: 0.829   ref_length: 239   comparison_length: 210   similarity: 0.571
BOX214, Q07108-Q3U6A8.msf, SP: 0.995   ref_length: 199   comparison_length: 199   similarity: 0.578
BOX214, Q3U6A8-Q8SPX1.msf, SP: 1.0   ref_length: 200   comparison_length: 199   similarity: 0.578
BOX222, P51784-UBP15_MOUSE.msf, SP: 0.802   ref_length: 991   comparison_length: 882   similarity: 0.471
BOX222, Q13107-Q2NLB3.msf, SP: 0.894   ref_length: 1001   comparison_length: 937   similarity: 0.702
BOX222, Q13107-Q4RXT3.msf, SP: 0.808   ref_length: 1115   comparison_length: 955   similarity: 0.663
BOX246, MNB_DROME__1-Q4TF40.msf, SP: 0.732   ref_length: 628   comparison_length: 328   similarity: 0.668
BOX258, Q0V7C3-Q4TU48.msf, SP: 0.9   ref_length: 520   comparison_length: 329   similarity: 0.623
BOX258, Q4SP31-Q4TU48.msf, SP: 0.697   ref_length: 521   comparison_length: 402   similarity: 0.51
BOX258, Q4TU48-Q8UWJ8.msf, SP: 0.755   ref_length: 507   comparison_length: 433   similarity: 0.506
BOX258, Q8UWJ8-Q8VZS9.msf, SP: 0.712   ref_length: 504   comparison_length: 424   similarity: 0.512
BOX290, Q16JP4-Q4SQA8.msf, SP: 0.899   ref_length: 386   comparison_length: 376   similarity: 0.545
BOX290, Q16JP4-Q7PN33.msf, SP: 0.987   ref_length: 380   comparison_length: 380   similarity: 0.708
BOX290, Q16JP4-Q9UHK6.msf, SP: 0.87   ref_length: 386   comparison_length: 376   similarity: 0.516
BOX290, Q16JP4-Q9VIK0.msf, SP: 0.933   ref_length: 382   comparison_length: 371   similarity: 0.601
BOX290, Q4SQA8-Q503C9.msf, SP: 1.0   ref_length: 382   comparison_length: 382   similarity: 0.764
BOX290, Q503C9-Q68EP6.msf, SP: 0.99   ref_length: 382   comparison_length: 382   similarity: 0.641
