BOX011, O14757-P34208.msf, SP: 0.572   ref_length: 514   comparison_length: 458   similarity: 0.273
BOX011, O14757-Q2ULE5.msf, SP: 0.748   ref_length: 553   comparison_length: 456   similarity: 0.289
BOX011, O14757-Q55PZ1.msf, SP: 0.566   ref_length: 550   comparison_length: 422   similarity: 0.291
BOX011, O14757-Q59DY7.msf, SP: 0.809   ref_length: 502   comparison_length: 372   similarity: 0.446
BOX011, P34208-Q2ULE5.msf, SP: 0.818   ref_length: 546   comparison_length: 483   similarity: 0.381
BOX011, P34208-Q55PZ1.msf, SP: 0.597   ref_length: 550   comparison_length: 442   similarity: 0.292
BOX011, P34208-Q59DY7.msf, SP: 0.551   ref_length: 533   comparison_length: 361   similarity: 0.252
BOX011, Q2ULE5-Q55PZ1.msf, SP: 0.431   ref_length: 581   comparison_length: 448   similarity: 0.319
BOX011, Q2ULE5-Q59DY7.msf, SP: 0.403   ref_length: 569   comparison_length: 362   similarity: 0.273
BOX011, Q55PZ1-Q59DY7.msf, SP: 0.452   ref_length: 569   comparison_length: 325   similarity: 0.292
BOX032, O95782-Q0UJD2.msf, SP: 0.842   ref_length: 1025   comparison_length: 920   similarity: 0.424
BOX032, O95782-Q1EQ22.msf, SP: 0.739   ref_length: 1011   comparison_length: 927   similarity: 0.271
BOX032, O95782-Q59PV7.msf, SP: 0.651   ref_length: 1099   comparison_length: 919   similarity: 0.263
BOX032, O95782-Q86KI1.msf, SP: 0.824   ref_length: 1046   comparison_length: 920   similarity: 0.397
BOX032, O95782-Q9C0W7.msf, SP: 0.846   ref_length: 994   comparison_length: 861   similarity: 0.367
BOX032, O95782-Q9FNI4.msf, SP: 0.83   ref_length: 1073   comparison_length: 920   similarity: 0.385
BOX032, Q0UJD2-Q1EQ22.msf, SP: 0.736   ref_length: 1017   comparison_length: 912   similarity: 0.269
BOX032, Q0UJD2-Q59PV7.msf, SP: 0.636   ref_length: 1087   comparison_length: 922   similarity: 0.287
BOX032, Q0UJD2-Q86KI1.msf, SP: 0.805   ref_length: 1025   comparison_length: 932   similarity: 0.41
BOX032, Q0UJD2-Q9C0W7.msf, SP: 0.922   ref_length: 971   comparison_length: 875   similarity: 0.405
BOX032, Q0UJD2-Q9FNI4.msf, SP: 0.871   ref_length: 1056   comparison_length: 928   similarity: 0.384
BOX032, Q1EQ22-Q59PV7.msf, SP: 0.588   ref_length: 1090   comparison_length: 912   similarity: 0.228
BOX032, Q1EQ22-Q86KI1.msf, SP: 0.776   ref_length: 1022   comparison_length: 928   similarity: 0.297
BOX032, Q1EQ22-Q9C0W7.msf, SP: 0.642   ref_length: 982   comparison_length: 857   similarity: 0.257
BOX032, Q1EQ22-Q9FNI4.msf, SP: 0.796   ref_length: 1056   comparison_length: 921   similarity: 0.287
BOX032, Q59PV7-Q86KI1.msf, SP: 0.485   ref_length: 1110   comparison_length: 920   similarity: 0.254
BOX032, Q59PV7-Q9C0W7.msf, SP: 0.595   ref_length: 1050   comparison_length: 869   similarity: 0.264
BOX032, Q59PV7-Q9FNI4.msf, SP: 0.528   ref_length: 1140   comparison_length: 917   similarity: 0.238
BOX032, Q86KI1-Q9C0W7.msf, SP: 0.849   ref_length: 999   comparison_length: 868   similarity: 0.363
BOX032, Q86KI1-Q9FNI4.msf, SP: 0.836   ref_length: 1048   comparison_length: 957   similarity: 0.413
BOX032, Q9C0W7-Q9FNI4.msf, SP: 0.915   ref_length: 1026   comparison_length: 868   similarity: 0.335
BOX045, O76848-P02836.msf, SP: 0.462   ref_length: 575   comparison_length: 221   similarity: 0.416
BOX045, O76848-P34326.msf, SP: 0.888   ref_length: 252   comparison_length: 179   similarity: 0.402
BOX045, O76848-Q3TZM2.msf, SP: 0.412   ref_length: 357   comparison_length: 211   similarity: 0.441
BOX045, O76848-Q4JEV7.msf, SP: 0.429   ref_length: 350   comparison_length: 205   similarity: 0.459
BOX045, O76848-Q5EVN0.msf, SP: 0.738   ref_length: 244   comparison_length: 172   similarity: 0.459
BOX045, O76848-Q70G59.msf, SP: 0.373   ref_length: 359   comparison_length: 228   similarity: 0.43
BOX045, O76848-Q7YTB6.msf, SP: 0.674   ref_length: 313   comparison_length: 215   similarity: 0.447
BOX045, O76848-Q9TZX0.msf, SP: 0.468   ref_length: 347   comparison_length: 218   similarity: 0.422
BOX045, P02836-P34326.msf, SP: 0.811   ref_length: 559   comparison_length: 180   similarity: 0.417
BOX045, P02836-Q3TZM2.msf, SP: 0.433   ref_length: 557   comparison_length: 319   similarity: 0.339
BOX045, P02836-Q4JEV7.msf, SP: 0.492   ref_length: 556   comparison_length: 307   similarity: 0.358
BOX045, P02836-Q5EVN0.msf, SP: 0.64   ref_length: 552   comparison_length: 172   similarity: 0.477
BOX045, P02836-Q70G59.msf, SP: 0.262   ref_length: 567   comparison_length: 328   similarity: 0.335
BOX045, P02836-Q7YTB6.msf, SP: 0.423   ref_length: 562   comparison_length: 274   similarity: 0.383
BOX045, P02836-Q9TZX0.msf, SP: 0.415   ref_length: 560   comparison_length: 313   similarity: 0.313
BOX045, P34326-Q3TZM2.msf, SP: 0.521   ref_length: 342   comparison_length: 169   similarity: 0.444
BOX045, P34326-Q4JEV7.msf, SP: 0.766   ref_length: 327   comparison_length: 171   similarity: 0.444
BOX045, P34326-Q5EVN0.msf, SP: 0.538   ref_length: 201   comparison_length: 158   similarity: 0.437
BOX045, P34326-Q70G59.msf, SP: 0.736   ref_length: 352   comparison_length: 178   similarity: 0.421
BOX045, P34326-Q7YTB6.msf, SP: 0.527   ref_length: 302   comparison_length: 169   similarity: 0.426
BOX045, P34326-Q9TZX0.msf, SP: 0.809   ref_length: 330   comparison_length: 178   similarity: 0.421
BOX045, Q3TZM2-Q4JEV7.msf, SP: 0.471   ref_length: 340   comparison_length: 295   similarity: 0.366
BOX045, Q3TZM2-Q5EVN0.msf, SP: 0.687   ref_length: 330   comparison_length: 166   similarity: 0.494
BOX045, Q3TZM2-Q70G59.msf, SP: 0.403   ref_length: 347   comparison_length: 320   similarity: 0.338
BOX045, Q3TZM2-Q7YTB6.msf, SP: 0.514   ref_length: 349   comparison_length: 259   similarity: 0.429
BOX045, Q3TZM2-Q9TZX0.msf, SP: 0.468   ref_length: 344   comparison_length: 301   similarity: 0.332
BOX045, Q4JEV7-Q5EVN0.msf, SP: 0.649   ref_length: 315   comparison_length: 168   similarity: 0.506
BOX045, Q4JEV7-Q70G59.msf, SP: 0.413   ref_length: 351   comparison_length: 303   similarity: 0.347
BOX045, Q4JEV7-Q7YTB6.msf, SP: 0.573   ref_length: 363   comparison_length: 232   similarity: 0.483
BOX045, Q4JEV7-Q9TZX0.msf, SP: 0.496   ref_length: 358   comparison_length: 274   similarity: 0.361
BOX045, Q5EVN0-Q70G59.msf, SP: 0.639   ref_length: 346   comparison_length: 169   similarity: 0.509
BOX045, Q5EVN0-Q7YTB6.msf, SP: 0.735   ref_length: 286   comparison_length: 170   similarity: 0.535
BOX045, Q5EVN0-Q9TZX0.msf, SP: 0.773   ref_length: 321   comparison_length: 172   similarity: 0.459
BOX045, Q70G59-Q7YTB6.msf, SP: 0.508   ref_length: 369   comparison_length: 258   similarity: 0.411
BOX045, Q70G59-Q9TZX0.msf, SP: 0.343   ref_length: 364   comparison_length: 300   similarity: 0.327
BOX045, Q7YTB6-Q9TZX0.msf, SP: 0.438   ref_length: 338   comparison_length: 267   similarity: 0.356
BOX047, P03070-P03075.msf, SP: 0.918   ref_length: 840   comparison_length: 619   similarity: 0.451
BOX047, P03070-P04008.msf, SP: 0.869   ref_length: 778   comparison_length: 627   similarity: 0.439
BOX047, P03070-P24597.msf, SP: 0.613   ref_length: 736   comparison_length: 620   similarity: 0.332
BOX047, P03070-P24851.msf, SP: 0.929   ref_length: 716   comparison_length: 578   similarity: 0.452
BOX047, P03075-P04008.msf, SP: 0.763   ref_length: 769   comparison_length: 679   similarity: 0.436
BOX047, P03075-P24597.msf, SP: 0.557   ref_length: 787   comparison_length: 612   similarity: 0.26
BOX047, P03075-P24851.msf, SP: 0.75   ref_length: 762   comparison_length: 575   similarity: 0.395
BOX047, P04008-P24597.msf, SP: 0.498   ref_length: 730   comparison_length: 615   similarity: 0.262
BOX047, P04008-P24851.msf, SP: 0.783   ref_length: 708   comparison_length: 575   similarity: 0.409
BOX047, P24597-P24851.msf, SP: 0.556   ref_length: 660   comparison_length: 574   similarity: 0.282
